[08/21/2022 11:49:19] Debug: Session id: 1ea1ac4a-494b-4639-ab38-679b5e31d663
[08/21/2022 11:49:19] Debug: Code Processor information: Name :SnowConvert, Version: 7.11.81.0
[08/21/2022 11:49:20] Debug: Getting license
[08/21/2022 11:49:20] Debug: License information
	Status: Failed
	Message: No active license available.
[08/21/2022 11:49:20] Info: Starting to validate parameters
[08/21/2022 11:49:20] Info: Parameters to validate: 
	Execution mode: Conversion
	LICENSE_KEY: a3372138-b87e-4a08-b929-3b48b24c63f1
[08/21/2022 11:49:20] Info: Validation of parameters: Success
[08/21/2022 11:49:20] Debug: Getting code descriptor
[08/21/2022 11:49:20] Debug: Code descriptor information
	Units: 51
	Units type: LOC
	All file bytes: 2141
	All found extensions: .sql,.dml,.ddl,.bteq,.btq,.fl,.fload,.ml,.mload,.mld,.tp,.tpump,.tpt
[08/21/2022 11:49:20] Debug: Calculating fingerprint
[08/21/2022 11:49:20] Debug: Fingerprint information Fingerprint(size=2141,projects=1)
[08/21/2022 11:49:20] Info: Starting to try to validate online license for execution
[08/21/2022 11:49:22] Debug: Getting license
[08/21/2022 11:49:22] Debug: License information
	Status: Failed
	Message: No active license available.
[08/21/2022 11:49:22] Debug: Starting the execution of the controller
[08/21/2022 11:49:22] Debug: Executing the worker: SnowConvert
[08/21/2022 11:49:34] Debug: Finished executing the worker: SnowConvert
[08/21/2022 11:49:36] Info: Controller execution ended
